This is pdfTeX, Version 3.141592653-2.6-1.40.26 (TeX Live 2024) (preloaded format=pdflatex 2025.1.7)  14 NOV 2025 10:02
entering extended mode
 \write18 enabled.
 file:line:error style messages enabled.
 %&-line parsing enabled.
**ActiveSetManager.h
(./ActiveSetManager.h
LaTeX2e <2023-11-01> patch level 1
L3 programming layer <2024-02-20>

./ActiveSetManager.h:1: LaTeX Error: Missing \begin{document}.

See the LaTeX manual or LaTeX Companion for explanation.
Type  H <return>  for immediate help.
 ...                                              
                                                  
l.1 /
     / This file is part of FMCA, the Fast Multiresolution Covariance Analysis
? 
./ActiveSetManager.h:1: Emergency stop.
 ...                                              
                                                  
l.1 /
     / This file is part of FMCA, the Fast Multiresolution Covariance Analysis
You're in trouble here.  Try typing  <return>  to proceed.
If that doesn't work, type  X <return>  to quit.

 
Here is how much of TeX's memory you used:
 18 strings out of 474116
 550 string characters out of 5743683
 1925187 words of memory out of 5000000
 22476 multiletter control sequences out of 15000+600000
 558069 words of font info for 36 fonts, out of 8000000 for 9000
 1141 hyphenation exceptions out of 8191
 15i,0n,18p,128b,14s stack positions out of 10000i,1000n,20000p,200000b,200000s
./ActiveSetManager.h:1:  ==> Fatal error occurred, no output PDF file produced!

