This is pdfTeX, Version 3.141592653-2.6-1.40.26 (TeX Live 2024) (preloaded format=pdflatex 2025.1.7)  6 SEP 2025 11:11
entering extended mode
 \write18 enabled.
 file:line:error style messages enabled.
 %&-line parsing enabled.
**DiscreteModulusOfContinuity.h
(./DiscreteModulusOfContinuity.h
LaTeX2e <2023-11-01> patch level 1
L3 programming layer <2024-02-20>

./DiscreteModulusOfContinuity.h:1: LaTeX Error: Missing \begin{document}.

See the LaTeX manual or LaTeX Companion for explanation.
Type  H <return>  for immediate help.
 ...                                              
                                                  
l.1 /
     / This file is part of FMCA, the Fast Multiresolution Covariance Analysis
? ^^[^^[
Type <return> to proceed, S to scroll future error messages,
R to run without stopping, Q to run quietly,
I to insert something, E to edit your file,
1 or ... or 9 to ignore the next 1 to 9 tokens of input,
H for help, X to quit.
? q^^HX
OK, entering \batchmode...

./DiscreteModulusOfContinuity.h:1: Interruption.
\GenericError  ...                                
                                                  \endgroup 
l.1 /
     / This file is part of FMCA, the Fast Multiresolution Covariance Analysis
? X
 
Here is how much of TeX's memory you used:
 17 strings out of 474116
 461 string characters out of 5743683
 1925187 words of memory out of 5000000
 22476 multiletter control sequences out of 15000+600000
 558069 words of font info for 36 fonts, out of 8000000 for 9000
 1141 hyphenation exceptions out of 8191
 15i,0n,18p,139b,14s stack positions out of 10000i,1000n,20000p,200000b,200000s
No pages of output.
PDF statistics:
 0 PDF objects out of 1000 (max. 8388607)
 0 named destinations out of 1000 (max. 500000)
 1 words of extra memory for PDF output out of 10000 (max. 10000000)

